00:42:37.538 [main] DEBUG testCases.TC_001_AccountRegistrationTest - application logs...
00:42:37.720 [main] INFO  testCases.TC_001_AccountRegistrationTest - ****Clicked On MyAccount Link******
00:42:38.094 [main] INFO  testCases.TC_001_AccountRegistrationTest - ****Clicked On Registeration Link******
00:42:38.094 [main] INFO  testCases.TC_001_AccountRegistrationTest - ****Entering customer info******
00:42:39.016 [main] INFO  testCases.TC_001_AccountRegistrationTest - *****Validating expected message*******
12:19:01.817 [TestNG-tests-1] INFO  testCases.TC_001_AccountRegistrationTest - ***** statring TC_001_AccountRegristerationTest ****
12:19:01.827 [TestNG-tests-1] DEBUG testCases.TC_001_AccountRegistrationTest - application logs...
12:19:02.057 [TestNG-tests-1] INFO  testCases.TC_001_AccountRegistrationTest - ****Clicked On MyAccount Link******
12:19:02.615 [TestNG-tests-1] INFO  testCases.TC_001_AccountRegistrationTest - ****Clicked On Registeration Link******
12:19:02.615 [TestNG-tests-1] INFO  testCases.TC_001_AccountRegistrationTest - ****Entering customer info******
12:19:03.655 [TestNG-tests-1] INFO  testCases.TC_001_AccountRegistrationTest - *****Validating expected message*******
12:19:04.654 [TestNG-tests-1] INFO  testCases.TC_001_AccountRegistrationTest - ****Finished TC_001******
12:19:07.031 [TestNG-tests-2] INFO  testCases.TC_001_AccountRegistrationTest - ***** statring TC_001_AccountRegristerationTest ****
12:19:07.032 [TestNG-tests-2] DEBUG testCases.TC_001_AccountRegistrationTest - application logs...
12:19:07.464 [TestNG-tests-2] INFO  testCases.TC_001_AccountRegistrationTest - ****Clicked On MyAccount Link******
12:19:08.008 [TestNG-tests-2] INFO  testCases.TC_001_AccountRegistrationTest - ****Clicked On Registeration Link******
12:19:08.008 [TestNG-tests-2] INFO  testCases.TC_001_AccountRegistrationTest - ****Entering customer info******
12:19:09.486 [TestNG-tests-2] INFO  testCases.TC_001_AccountRegistrationTest - *****Validating expected message*******
12:25:29.418 [TestNG-tests-2] INFO  testCases.TC_001_AccountRegistrationTest - ***** statring TC_001_AccountRegristerationTest ****
12:25:29.430 [TestNG-tests-2] DEBUG testCases.TC_001_AccountRegistrationTest - application logs...
12:25:29.839 [TestNG-tests-2] INFO  testCases.TC_001_AccountRegistrationTest - ****Clicked On MyAccount Link******
12:25:30.388 [TestNG-tests-2] ERROR testCases.TC_001_AccountRegistrationTest - Test failed....
12:25:30.388 [TestNG-tests-2] INFO  testCases.TC_001_AccountRegistrationTest - ****Finished TC_001******
12:25:31.261 [TestNG-tests-1] INFO  testCases.TC_001_AccountRegistrationTest - ***** statring TC_001_AccountRegristerationTest ****
12:25:31.261 [TestNG-tests-1] DEBUG testCases.TC_001_AccountRegistrationTest - application logs...
12:25:31.397 [TestNG-tests-1] INFO  testCases.TC_001_AccountRegistrationTest - ****Clicked On MyAccount Link******
12:25:31.925 [TestNG-tests-1] INFO  testCases.TC_001_AccountRegistrationTest - ****Clicked On Registeration Link******
12:25:31.925 [TestNG-tests-1] INFO  testCases.TC_001_AccountRegistrationTest - ****Entering customer info******
12:25:33.254 [TestNG-tests-1] INFO  testCases.TC_001_AccountRegistrationTest - *****Validating expected message*******
12:25:33.898 [TestNG-tests-1] INFO  testCases.TC_001_AccountRegistrationTest - ****Finished TC_001******
14:03:12.617 [main] INFO  testCases.TC_001_AccountRegistrationTest - ***** statring TC_001_AccountRegristerationTest ****
14:03:12.624 [main] DEBUG testCases.TC_001_AccountRegistrationTest - application logs...
14:03:12.802 [main] INFO  testCases.TC_001_AccountRegistrationTest - ****Clicked On MyAccount Link******
14:03:13.318 [main] INFO  testCases.TC_001_AccountRegistrationTest - ****Clicked On Registeration Link******
14:03:13.318 [main] INFO  testCases.TC_001_AccountRegistrationTest - ****Entering customer info******
14:03:14.431 [main] INFO  testCases.TC_001_AccountRegistrationTest - *****Validating expected message*******
14:03:15.005 [main] INFO  testCases.TC_001_AccountRegistrationTest - ****Finished TC_001******
14:09:59.503 [main] INFO  testCases.TC_001_AccountRegistrationTest - ***** statring TC_001_AccountRegristerationTest ****
14:09:59.511 [main] DEBUG testCases.TC_001_AccountRegistrationTest - application logs...
14:09:59.632 [main] INFO  testCases.TC_001_AccountRegistrationTest - ****Clicked On MyAccount Link******
14:09:59.988 [main] INFO  testCases.TC_001_AccountRegistrationTest - ****Clicked On Registeration Link******
14:09:59.988 [main] INFO  testCases.TC_001_AccountRegistrationTest - ****Entering customer info******
14:10:00.904 [main] INFO  testCases.TC_001_AccountRegistrationTest - *****Validating expected message*******
14:10:01.525 [main] INFO  testCases.TC_001_AccountRegistrationTest - ****Finished TC_001******
14:10:39.276 [main] INFO  testCases.TC_001_AccountRegistrationTest - ***** statring TC_001_AccountRegristerationTest ****
14:10:39.281 [main] DEBUG testCases.TC_001_AccountRegistrationTest - application logs...
